Using pre-set license
Built from '2020.2/release' branch; Version is '2020.2.2f1 (068178b99f32) revision 426360'; Using compiler version '192528614'; Build Type 'Release'
OS: 'Windows 10 Pro; OS build 19042.1526; Version 2009; 64bit' Language: 'en' Physical Memory: 3983 MB
BatchMode: 1, IsHumanControllingUs: 0, StartBugReporterOnCrash: 0, Is64bit: 1, IsPro: 0

 COMMAND LINE ARGUMENTS:
C:\Program Files\Unity\Hub\Editor\2020.2.2f1\Editor\Unity.exe
-adb2
-batchMode
-noUpm
-name
AssetImportWorker3
-projectPath
E:/STUFF/programmation/Apps/21-A Pathfinding/A-Star-Pathfinding/PathfindingAI
-logFile
Logs/AssetImportWorker3.log
-srvPort
57609
Successfully changed project path to: E:/STUFF/programmation/Apps/21-A Pathfinding/A-Star-Pathfinding/PathfindingAI
E:/STUFF/programmation/Apps/21-A Pathfinding/A-Star-Pathfinding/PathfindingAI
Using Asset Import Pipeline V2.
Refreshing native plugins compatible for Editor in 126.20 ms, found 0 plugins.
Preloading 0 native plugins for Editor in 0.00 ms.
Initialize engine version: 2020.2.2f1 (068178b99f32)
[Subsystems] Discovering subsystems at path C:/Program Files/Unity/Hub/Editor/2020.2.2f1/Editor/Data/Resources/UnitySubsystems
[Subsystems] Discovering subsystems at path E:/STUFF/programmation/Apps/21-A Pathfinding/A-Star-Pathfinding/PathfindingAI/Assets
GfxDevice: creating device client; threaded=0
Direct3D:
    Version:  Direct3D 11.0 [level 11.0]
    Renderer: Intel(R) HD Graphics 4000 (ID=0x166)
    Vendor:   
    VRAM:     128 MB
    Driver:   10.18.10.5069
Initialize mono
Mono path[0] = 'C:/Program Files/Unity/Hub/Editor/2020.2.2f1/Editor/Data/Managed'
Mono path[1] = 'C:/Program Files/Unity/Hub/Editor/2020.2.2f1/Editor/Data/MonoBleedingEdge/lib/mono/unityjit'
Mono config path = 'C:/Program Files/Unity/Hub/Editor/2020.2.2f1/Editor/Data/MonoBleedingEdge/etc'
Using monoOptions --debugger-agent=transport=dt_socket,embedding=1,server=y,suspend=n,address=127.0.0.1:56004
Begin MonoManager ReloadAssembly
Registering precompiled unity dll's ...
Register platform support module: C:/Program Files/Unity/Hub/Editor/2020.2.2f1/Editor/Data/PlaybackEngines/WebGLSupport/UnityEditor.WebGL.Extensions.dll
Register platform support module: C:/Program Files/Unity/Hub/Editor/2020.2.2f1/Editor/Data/PlaybackEngines/WindowsStandaloneSupport/UnityEditor.WindowsStandalone.Extensions.dll
Registered in 0.008068 seconds.
Native extension for WindowsStandalone target not found
Native extension for WebGL target not found
Refreshing native plugins compatible for Editor in 95.81 ms, found 0 plugins.
Preloading 0 native plugins for Editor in 0.00 ms.
Invoked RoslynAnalysisRunner static constructor.
RoslynAnalysisRunner will not be running.
RoslynAnalysisRunner has terminated.
Mono: successfully reloaded assembly
- Completed reload, in  5.091 seconds
Platform modules already initialized, skipping
Registering precompiled user dll's ...
Registered in 0.001567 seconds.
Begin MonoManager ReloadAssembly
Native extension for WindowsStandalone target not found
Native extension for WebGL target not found
Refreshing native plugins compatible for Editor in 0.45 ms, found 0 plugins.
Preloading 0 native plugins for Editor in 0.00 ms.
Invoked RoslynAnalysisRunner static constructor.
RoslynAnalysisRunner will not be running.
RoslynAnalysisRunner has terminated.
Mono: successfully reloaded assembly
- Completed reload, in  3.529 seconds
Platform modules already initialized, skipping
========================================================================
Worker process is ready to serve import requests
Launched and connected shader compiler UnityShaderCompiler.exe after 0.31 seconds
Refreshing native plugins compatible for Editor in 0.69 ms, found 0 plugins.
Preloading 0 native plugins for Editor in 0.00 ms.
Unloading 1106 Unused Serialized files (Serialized files now loaded: 0)
System memory in use before: 57.3 MB.
System memory in use after: 57.4 MB.

Unloading 10 unused Assets to reduce memory usage. Loaded Objects now: 1547.
Total: 316.145600 ms (FindLiveObjects: 0.277800 ms CreateObjectMapping: 0.113700 ms MarkObjects: 304.955800 ms  DeleteObjects: 10.794100 ms)

========================================================================
Received Import Request.
  path: Assets/Scripts/Line.cs
  artifactKey: Guid(efb2d6614dde3f348989ac4189728534) Importer(815301076,1909f56bfc062723c751e8b465ee728b)
Start importing Assets/Scripts/Line.cs using Guid(efb2d6614dde3f348989ac4189728534) Importer(815301076,1909f56bfc062723c751e8b465ee728b)  -> (artifact id: '500c3d599f5378330387be1b660841c6') in 0.418565 seconds
  Import took 0.451394 seconds .

========================================================================
Received Import Request.
  Time since last request: 190.342986 seconds.
  path: Assets/Scripts/Path.cs
  artifactKey: Guid(08007a3140ca7f44c9ce9a0784365685) Importer(815301076,1909f56bfc062723c751e8b465ee728b)
Start importing Assets/Scripts/Path.cs using Guid(08007a3140ca7f44c9ce9a0784365685) Importer(815301076,1909f56bfc062723c751e8b465ee728b)  -> (artifact id: 'ef8e6ae902e899affbf9a97990cb856a') in 0.005302 seconds
  Import took 0.056950 seconds .

========================================================================
Received Prepare
Registering precompiled user dll's ...
Registered in 0.001406 seconds.
Begin MonoManager ReloadAssembly
Native extension for WindowsStandalone target not found
Native extension for WebGL target not found
Refreshing native plugins compatible for Editor in 0.36 ms, found 0 plugins.
Preloading 0 native plugins for Editor in 0.00 ms.
Invoked RoslynAnalysisRunner static constructor.
RoslynAnalysisRunner will not be running.
RoslynAnalysisRunner has terminated.
Mono: successfully reloaded assembly
- Completed reload, in  2.342 seconds
Platform modules already initialized, skipping
Refreshing native plugins compatible for Editor in 0.56 ms, found 0 plugins.
Preloading 0 native plugins for Editor in 0.00 ms.
Unloading 1102 Unused Serialized files (Serialized files now loaded: 0)
System memory in use before: 57.4 MB.
System memory in use after: 57.5 MB.

Unloading 5 unused Assets to reduce memory usage. Loaded Objects now: 1550.
Total: 4.983600 ms (FindLiveObjects: 0.363300 ms CreateObjectMapping: 0.118100 ms MarkObjects: 4.345400 ms  DeleteObjects: 0.152900 ms)

========================================================================
Received Prepare
Registering precompiled user dll's ...
Registered in 0.001491 seconds.
Begin MonoManager ReloadAssembly
Native extension for WindowsStandalone target not found
Native extension for WebGL target not found
Refreshing native plugins compatible for Editor in 0.37 ms, found 0 plugins.
Preloading 0 native plugins for Editor in 0.00 ms.
Invoked RoslynAnalysisRunner static constructor.
RoslynAnalysisRunner will not be running.
RoslynAnalysisRunner has terminated.
Mono: successfully reloaded assembly
- Completed reload, in  1.922 seconds
Platform modules already initialized, skipping
Refreshing native plugins compatible for Editor in 1.10 ms, found 0 plugins.
Preloading 0 native plugins for Editor in 0.00 ms.
Unloading 1102 Unused Serialized files (Serialized files now loaded: 0)
System memory in use before: 57.6 MB.
System memory in use after: 57.7 MB.

Unloading 5 unused Assets to reduce memory usage. Loaded Objects now: 1552.
Total: 3.205100 ms (FindLiveObjects: 0.397900 ms CreateObjectMapping: 0.104300 ms MarkObjects: 2.594600 ms  DeleteObjects: 0.104900 ms)

========================================================================
Received Import Request.
  Time since last request: 791.254962 seconds.
  path: Assets/Scripts/Line.cs
  artifactKey: Guid(efb2d6614dde3f348989ac4189728534) Importer(815301076,1909f56bfc062723c751e8b465ee728b)
Start importing Assets/Scripts/Line.cs using Guid(efb2d6614dde3f348989ac4189728534) Importer(815301076,1909f56bfc062723c751e8b465ee728b)  -> (artifact id: 'a5e9a1ec12737e0d60a2cb188d529139') in 0.008000 seconds
  Import took 0.041918 seconds .

========================================================================
Received Import Request.
  Time since last request: 1441.983702 seconds.
  path: Assets/Scripts/Unit.cs
  artifactKey: Guid(f0f788906846b604c9381dc70fb6b99b) Importer(815301076,1909f56bfc062723c751e8b465ee728b)
Start importing Assets/Scripts/Unit.cs using Guid(f0f788906846b604c9381dc70fb6b99b) Importer(815301076,1909f56bfc062723c751e8b465ee728b)  -> (artifact id: '25cba16979d20ed293fcaaff91ea6d0d') in 0.076581 seconds
  Import took 0.102437 seconds .

========================================================================
Received Prepare
Registering precompiled user dll's ...
Registered in 0.001172 seconds.
Begin MonoManager ReloadAssembly
Native extension for WindowsStandalone target not found
Native extension for WebGL target not found
Refreshing native plugins compatible for Editor in 0.36 ms, found 0 plugins.
Preloading 0 native plugins for Editor in 0.00 ms.
Invoked RoslynAnalysisRunner static constructor.
RoslynAnalysisRunner will not be running.
RoslynAnalysisRunner has terminated.
Mono: successfully reloaded assembly
- Completed reload, in  2.195 seconds
Platform modules already initialized, skipping
Refreshing native plugins compatible for Editor in 0.59 ms, found 0 plugins.
Preloading 0 native plugins for Editor in 0.00 ms.
Unloading 1102 Unused Serialized files (Serialized files now loaded: 0)
System memory in use before: 57.8 MB.
System memory in use after: 57.9 MB.

Unloading 5 unused Assets to reduce memory usage. Loaded Objects now: 1554.
Total: 4.915000 ms (FindLiveObjects: 0.352000 ms CreateObjectMapping: 0.112500 ms MarkObjects: 4.308300 ms  DeleteObjects: 0.138600 ms)

========================================================================
Received Import Request.
  Time since last request: 112.785024 seconds.
  path: Assets/Scripts/Unit.cs
  artifactKey: Guid(f0f788906846b604c9381dc70fb6b99b) Importer(815301076,1909f56bfc062723c751e8b465ee728b)
Start importing Assets/Scripts/Unit.cs using Guid(f0f788906846b604c9381dc70fb6b99b) Importer(815301076,1909f56bfc062723c751e8b465ee728b)  -> (artifact id: 'ed267bf19eb1fec5045cd3a5d4c31963') in 0.054910 seconds
  Import took 0.078809 seconds .

========================================================================
Received Prepare
Registering precompiled user dll's ...
Registered in 0.001624 seconds.
Begin MonoManager ReloadAssembly
Native extension for WindowsStandalone target not found
Native extension for WebGL target not found
Refreshing native plugins compatible for Editor in 0.36 ms, found 0 plugins.
Preloading 0 native plugins for Editor in 0.00 ms.
Invoked RoslynAnalysisRunner static constructor.
RoslynAnalysisRunner will not be running.
RoslynAnalysisRunner has terminated.
Mono: successfully reloaded assembly
- Completed reload, in  2.133 seconds
Platform modules already initialized, skipping
Refreshing native plugins compatible for Editor in 0.59 ms, found 0 plugins.
Preloading 0 native plugins for Editor in 0.00 ms.
Unloading 1102 Unused Serialized files (Serialized files now loaded: 0)
System memory in use before: 58.0 MB.
System memory in use after: 58.1 MB.

Unloading 5 unused Assets to reduce memory usage. Loaded Objects now: 1556.
Total: 5.250600 ms (FindLiveObjects: 0.347500 ms CreateObjectMapping: 0.149100 ms MarkObjects: 4.459900 ms  DeleteObjects: 0.289700 ms)

========================================================================
Received Prepare
Registering precompiled user dll's ...
Registered in 0.001670 seconds.
Begin MonoManager ReloadAssembly
Native extension for WindowsStandalone target not found
Native extension for WebGL target not found
Refreshing native plugins compatible for Editor in 0.59 ms, found 0 plugins.
Preloading 0 native plugins for Editor in 0.00 ms.
Invoked RoslynAnalysisRunner static constructor.
RoslynAnalysisRunner will not be running.
RoslynAnalysisRunner has terminated.
Mono: successfully reloaded assembly
- Completed reload, in  4.665 seconds
Platform modules already initialized, skipping
Refreshing native plugins compatible for Editor in 1.27 ms, found 0 plugins.
Preloading 0 native plugins for Editor in 0.00 ms.
Unloading 1102 Unused Serialized files (Serialized files now loaded: 0)
System memory in use before: 58.2 MB.
System memory in use after: 58.2 MB.

Unloading 5 unused Assets to reduce memory usage. Loaded Objects now: 1558.
Total: 21.922100 ms (FindLiveObjects: 0.336000 ms CreateObjectMapping: 17.300200 ms MarkObjects: 4.126700 ms  DeleteObjects: 0.155500 ms)

========================================================================
Received Prepare
Registering precompiled user dll's ...
Registered in 0.023097 seconds.
Begin MonoManager ReloadAssembly
Native extension for WindowsStandalone target not found
Native extension for WebGL target not found
Refreshing native plugins compatible for Editor in 0.44 ms, found 0 plugins.
Preloading 0 native plugins for Editor in 0.00 ms.
Invoked RoslynAnalysisRunner static constructor.
RoslynAnalysisRunner will not be running.
RoslynAnalysisRunner has terminated.
Mono: successfully reloaded assembly
- Completed reload, in  2.741 seconds
Platform modules already initialized, skipping
Refreshing native plugins compatible for Editor in 1.04 ms, found 0 plugins.
Preloading 0 native plugins for Editor in 0.00 ms.
Unloading 1102 Unused Serialized files (Serialized files now loaded: 0)
System memory in use before: 58.4 MB.
System memory in use after: 58.4 MB.

Unloading 5 unused Assets to reduce memory usage. Loaded Objects now: 1560.
Total: 3.148300 ms (FindLiveObjects: 0.245900 ms CreateObjectMapping: 0.083500 ms MarkObjects: 2.647800 ms  DeleteObjects: 0.168400 ms)

========================================================================
Received Import Request.
  Time since last request: 3779.519870 seconds.
  path: Assets/Scripts/Pathfinding.cs
  artifactKey: Guid(0c2235cbc38c25b429acf56438a2ae4e) Importer(815301076,1909f56bfc062723c751e8b465ee728b)
Start importing Assets/Scripts/Pathfinding.cs using Guid(0c2235cbc38c25b429acf56438a2ae4e) Importer(815301076,1909f56bfc062723c751e8b465ee728b)  -> (artifact id: 'ca40b66db7f8024c2d914896a446a509') in 0.159179 seconds
  Import took 0.241481 seconds .

========================================================================
Received Import Request.
  Time since last request: 0.015769 seconds.
  path: Assets/Scripts/Node.cs
  artifactKey: Guid(cc3338d903abf5b429a96f9b7f290c0f) Importer(815301076,1909f56bfc062723c751e8b465ee728b)
Start importing Assets/Scripts/Node.cs using Guid(cc3338d903abf5b429a96f9b7f290c0f) Importer(815301076,1909f56bfc062723c751e8b465ee728b)  -> (artifact id: 'd206f5478504527afb812c2f0a288a2b') in 0.166047 seconds
  Import took 0.196501 seconds .

========================================================================
Received Import Request.
  Time since last request: 8.453604 seconds.
  path: Assets/Scripts/Grid.cs
  artifactKey: Guid(1bddb4d5661c59c41afec7d2db26cd82) Importer(815301076,1909f56bfc062723c751e8b465ee728b)
Start importing Assets/Scripts/Grid.cs using Guid(1bddb4d5661c59c41afec7d2db26cd82) Importer(815301076,1909f56bfc062723c751e8b465ee728b)  -> (artifact id: '6b3fa8c664dd01fd8352073e97b66d2b') in 0.004561 seconds
  Import took 0.063085 seconds .

AssetImportWorkerClient::OnTransportError - code=2 error=End of file
